This is pdfTeX, Version 3.1415926-1.40.10 (MiKTeX 2.8) (preloaded format=latex 2010.6.16)  16 JUN 2010 13:56
entering extended mode
**StochasticSearch.tex
(H:\private\Paper3\Version2ofPaper\StochasticSearch.tex
LaTeX2e <2009/09/24>
Babel <v3.8l> and hyphenation patterns for english, dumylang, nohyphenation, ge
rman, ngerman, german-x-2009-06-19, ngerman-x-2009-06-19, french, loaded.
("D:\Program Files\MikTex\tex\latex\base\article.cls"
Document Class: article 2007/10/19 v1.4h Standard LaTeX document class
("D:\Program Files\MikTex\tex\latex\base\size10.clo"
File: size10.clo 2007/10/19 v1.4h Standard LaTeX file (size option)
)
\c@part=\count79
\c@section=\count80
\c@subsection=\count81
\c@subsubsection=\count82
\c@paragraph=\count83
\c@subparagraph=\count84
\c@figure=\count85
\c@table=\count86
\abovecaptionskip=\skip41
\belowcaptionskip=\skip42
\bibindent=\dimen102
)
("D:\Program Files\MikTex\tex\latex\base\fontenc.sty"
Package: fontenc 2005/09/27 v1.99g Standard LaTeX package

("D:\Program Files\MikTex\tex\latex\base\t1enc.def"
File: t1enc.def 2005/09/27 v1.99g Standard LaTeX file
LaTeX Font Info:    Redeclaring font encoding T1 on input line 43.
))
("D:\Program Files\MikTex\tex\latex\base\inputenc.sty"
Package: inputenc 2008/03/30 v1.1d Input encoding file
\inpenc@prehook=\toks14
\inpenc@posthook=\toks15

("D:\Program Files\MikTex\tex\latex\base\latin1.def"
File: latin1.def 2008/03/30 v1.1d Input encoding file
))
("D:\Program Files\MikTex\tex\latex\graphics\graphicx.sty"
Package: graphicx 1999/02/16 v1.0f Enhanced LaTeX Graphics (DPC,SPQR)

("D:\Program Files\MikTex\tex\latex\graphics\keyval.sty"
Package: keyval 1999/03/16 v1.13 key=value parser (DPC)
\KV@toks@=\toks16
)
("D:\Program Files\MikTex\tex\latex\graphics\graphics.sty"
Package: graphics 2009/02/05 v1.0o Standard LaTeX Graphics (DPC,SPQR)

("D:\Program Files\MikTex\tex\latex\graphics\trig.sty"
Package: trig 1999/03/16 v1.09 sin cos tan (DPC)
)
("D:\Program Files\MikTex\tex\latex\00miktex\graphics.cfg"
File: graphics.cfg 2007/01/18 v1.5 graphics configuration of teTeX/TeXLive
)
Package graphics Info: Driver file: dvips.def on input line 91.

("D:\Program Files\MikTex\tex\latex\graphics\dvips.def"
File: dvips.def 1999/02/16 v3.0i Driver-dependant file (DPC,SPQR)
))
\Gin@req@height=\dimen103
\Gin@req@width=\dimen104
)
("D:\Program Files\MikTex\tex\latex\ams\math\amsmath.sty"
Package: amsmath 2000/07/18 v2.13 AMS math features
\@mathmargin=\skip43

For additional information on amsmath, use the `?' option.
("D:\Program Files\MikTex\tex\latex\ams\math\amstext.sty"
Package: amstext 2000/06/29 v2.01

("D:\Program Files\MikTex\tex\latex\ams\math\amsgen.sty"
File: amsgen.sty 1999/11/30 v2.0
\@emptytoks=\toks17
\ex@=\dimen105
))
("D:\Program Files\MikTex\tex\latex\ams\math\amsbsy.sty"
Package: amsbsy 1999/11/29 v1.2d
\pmbraise@=\dimen106
)
("D:\Program Files\MikTex\tex\latex\ams\math\amsopn.sty"
Package: amsopn 1999/12/14 v2.01 operator names
)
\inf@bad=\count87
LaTeX Info: Redefining \frac on input line 211.
\uproot@=\count88
\leftroot@=\count89
LaTeX Info: Redefining \overline on input line 307.
\classnum@=\count90
\DOTSCASE@=\count91
LaTeX Info: Redefining \ldots on input line 379.
LaTeX Info: Redefining \dots on input line 382.
LaTeX Info: Redefining \cdots on input line 467.
\Mathstrutbox@=\box26
\strutbox@=\box27
\big@size=\dimen107
LaTeX Font Info:    Redeclaring font encoding OML on input line 567.
LaTeX Font Info:    Redeclaring font encoding OMS on input line 568.
\macc@depth=\count92
\c@MaxMatrixCols=\count93
\dotsspace@=\muskip10
\c@parentequation=\count94
\dspbrk@lvl=\count95
\tag@help=\toks18
\row@=\count96
\column@=\count97
\maxfields@=\count98
\andhelp@=\toks19
\eqnshift@=\dimen108
\alignsep@=\dimen109
\tagshift@=\dimen110
\tagwidth@=\dimen111
\totwidth@=\dimen112
\lineht@=\dimen113
\@envbody=\toks20
\multlinegap=\skip44
\multlinetaggap=\skip45
\mathdisplay@stack=\toks21
LaTeX Info: Redefining \[ on input line 2666.
LaTeX Info: Redefining \] on input line 2667.
)
("D:\Program Files\MikTex\tex\latex\ams\classes\amsthm.sty"
Package: amsthm 2004/08/06 v2.20
\thm@style=\toks22
\thm@bodyfont=\toks23
\thm@headfont=\toks24
\thm@notefont=\toks25
\thm@headpunct=\toks26
\thm@preskip=\skip46
\thm@postskip=\skip47
\thm@headsep=\skip48
\dth@everypar=\toks27
)
("D:\Program Files\MikTex\tex\latex\amsfonts\amsfonts.sty"
Package: amsfonts 2009/06/22 v3.00 Basic AMSFonts support
\symAMSa=\mathgroup4
\symAMSb=\mathgroup5
LaTeX Font Info:    Overwriting math alphabet `\mathfrak' in version `bold'
(Font)                  U/euf/m/n --> U/euf/b/n on input line 96.
)
("D:\Program Files\MikTex\tex\latex\natbib\natbib.sty"
Package: natbib 2009/11/07 8.31a (PWD, AO)
\bibhang=\skip49
\bibsep=\skip50
LaTeX Info: Redefining \cite on input line 694.
\c@NAT@ctr=\count99
)
("D:\Program Files\MikTex\tex\latex\setspace\setspace.sty"
Package: setspace 2000/12/01 6.7 Contributed and Supported LaTeX2e package

Package: `setspace' 6.7 <2000/12/01>
) ("D:\Program Files\MikTex\tex\latex\a4wide\a4wide.sty"
Package: a4wide 1994/08/30

("D:\Program Files\MikTex\tex\latex\ntgclass\a4.sty"
Package: a4 2004/04/15 v1.2g A4 based page layout
))
("D:\Program Files\MikTex\tex\latex\subfigure\subfigure.sty"
Package: subfigure 2002/07/30 v2.1.4 subfigure package
\subfigtopskip=\skip51
\subfigcapskip=\skip52
\subfigcaptopadj=\dimen114
\subfigbottomskip=\skip53
\subfigcapmargin=\dimen115
\subfiglabelskip=\skip54
\c@subfigure=\count100
\c@lofdepth=\count101
\c@subtable=\count102
\c@lotdepth=\count103

****************************************
* Local config file subfigure.cfg used *
****************************************
("D:\Program Files\MikTex\tex\latex\subfigure\subfigure.cfg")
\subfig@top=\skip55
\subfig@bottom=\skip56
)
(H:\private\Paper3\Version2ofPaper\StochasticSearch.aux)
LaTeX Font Info:    Checking defaults for OML/cmm/m/it on input line 59.
LaTeX Font Info:    ... okay on input line 59.
LaTeX Font Info:    Checking defaults for T1/cmr/m/n on input line 59.
LaTeX Font Info:    ... okay on input line 59.
LaTeX Font Info:    Checking defaults for OT1/cmr/m/n on input line 59.
LaTeX Font Info:    ... okay on input line 59.
LaTeX Font Info:    Checking defaults for OMS/cmsy/m/n on input line 59.
LaTeX Font Info:    ... okay on input line 59.
LaTeX Font Info:    Checking defaults for OMX/cmex/m/n on input line 59.
LaTeX Font Info:    ... okay on input line 59.
LaTeX Font Info:    Checking defaults for U/cmr/m/n on input line 59.
LaTeX Font Info:    ... okay on input line 59.
LaTeX Font Info:    Try loading font information for U+msa on input line 74.

("D:\Program Files\MikTex\tex\latex\amsfonts\umsa.fd"
File: umsa.fd 2009/06/22 v3.00 AMS symbols A
)
LaTeX Font Info:    Try loading font information for U+msb on input line 74.

("D:\Program Files\MikTex\tex\latex\amsfonts\umsb.fd"
File: umsb.fd 2009/06/22 v3.00 AMS symbols B
)
Underfull \hbox (badness 1776) in paragraph at lines 76--78
[]\T1/cmr/m/n/10 We present a com-par-i-son be-tween hu-man
 []

(H:\private\Paper3\Version2ofPaper\Introduction.tex
Underfull \hbox (badness 1708) in paragraph at lines 7--8
[][]\T1/cmr/m/n/10 This study, how-ever, is con-cerned with
 []


Underfull \vbox (badness 10000) has occurred while \output is active []

 [1


]
[2]
File: figures/smooth512.png Graphic file (type eps)
 <figures/smooth512.png>
Overfull \hbox (221.32687pt too wide) in paragraph at lines 27--28
 [][][] 
 []

) (H:\private\Paper3\Version2ofPaper\SignalDetectionExperiment.tex [3]
LaTeX Font Info:    Try loading font information for OMS+cmr on input line 17.

("D:\Program Files\MikTex\tex\latex\base\omscmr.fd"
File: omscmr.fd 1999/05/25 v2.5h Standard LaTeX font definitions
)
LaTeX Font Info:    Font shape `OMS/cmr/m/n' in size <10> not available
(Font)              Font shape `OMS/cmsy/m/n' tried instead on input line 17.
File: figures/newIndivSDRresults2.eps Graphic file (type eps)

<figures/newIndivSDRresults2.eps> [4]
File: figures/meanRegression.eps Graphic file (type eps)
 <figures/meanRegression.eps>)
(H:\private\Paper3\Version2ofPaper\Simulation.tex
Underfull \hbox (badness 10000) in paragraph at lines 4--4
[]\T1/cmr/bx/n/12 Human Sac-cade Dis-tri-bu-
 []

[5]
File: figures/SaccadeHistandRose.eps Graphic file (type eps)
 <figures/SaccadeHistandRose.eps>
File: figures/SaccadeAmpOverTime.eps Graphic file (type eps)
 <figures/SaccadeAmpOverTime.eps>
Overfull \hbox (10.13629pt too wide) in paragraph at lines 17--19
 [][][] 
 []


Overfull \hbox (10.13629pt too wide) in paragraph at lines 17--19
 [] 
 []

File: figures/saccadesbyposition2.eps Graphic file (type eps)
<figures/saccadesbyposition2.eps>
File: figures/Model_Human_numfix.eps Graphic file (type eps)
 <figures/Model_Human_numfix.eps>
Overfull \hbox (10.13629pt too wide) in paragraph at lines 49--50
 [][][] 
 []

[6] [7]
File: figures/hotspotcomparison.eps Graphic file (type eps)
 <figures/hotspotcomparison.eps>
File: figures/refixations.eps Graphic file (type eps)
 <figures/refixations.eps>
Overfull \hbox (10.13629pt too wide) in paragraph at lines 68--69
 [][][] 
 []

File: figures/Voronoi_new_human1.eps Graphic file (type eps)
<figures/Voronoi_new_human1.eps>
File: figures/Voronoi_new_human2.eps Graphic file (type eps)
 <figures/Voronoi_new_human2.eps>
File: figures/Voronoi_new_model1.eps Graphic file (type eps)

<figures/Voronoi_new_model1.eps>
File: figures/Voronoi_new_model2.eps Graphic file (type eps)
 <figures/Voronoi_new_model2.eps>
File: figures/VoronoiTime.eps Graphic file (type eps)

<figures/VoronoiTime.eps>) (H:\private\Paper3\Version2ofPaper\Discussion.tex
[8] [9] [10] [11]
File: figures/CIresults.eps Graphic file (type eps)
 <figures/CIresults.eps> [12])
(H:\private\Paper3\Version2ofPaper\Appendix.tex
Underfull \hbox (badness 1142) in paragraph at lines 2--2
[]\T1/cmr/bx/n/14.4 Appendix: LNL model
 []

[13]
Overfull \hbox (45.5pt too wide) detected at line 37
\OML/cmm/m/it/10 p\OT1/cmr/m/n/10 (\OML/cmm/m/it/10 x; y\OT1/cmr/m/n/10 ) = \OM
L/cmm/m/it/10 h\OT1/cmr/m/n/10 (\OML/cmm/m/it/10 x; y\OT1/cmr/m/n/10 ) \OMS/cms
y/m/n/10   \OML/cmm/m/it/10 h\OT1/cmr/m/n/10 (\OML/cmm/m/it/10 x \OMS/cmsy/m/n/
10   \OT1/cmr/m/n/10 1\OML/cmm/m/it/10 ; y\OT1/cmr/m/n/10 )    \OML/cmm/m/it/10
 q\OT1/cmr/m/n/10 (\OML/cmm/m/it/10 x; y\OT1/cmr/m/n/10 ) = \OML/cmm/m/it/10 h\
OT1/cmr/m/n/10 (\OML/cmm/m/it/10 x; y\OT1/cmr/m/n/10 ) \OMS/cmsy/m/n/10   \OML/
cmm/m/it/10 h\OT1/cmr/m/n/10 (\OML/cmm/m/it/10 x; y \OMS/cmsy/m/n/10   \OT1/cmr
/m/n/10 1)
 []

) (H:\private\Paper3\Version2ofPaper\StochasticSearch.bbl
Underfull \vbox (badness 10000) has occurred while \output is active []

 [14]
[15]
Underfull \hbox (badness 2096) in paragraph at lines 167--172
[][]\T1/cmr/m/n/10 U. Ra-jashekar, A. C. Bovik, and L. K.
 []


Underfull \hbox (badness 1163) in paragraph at lines 167--172
\T1/cmr/m/n/10 Cor-mack.  Vi-sual search in noise: Re-
 []

) [16] (H:\private\Paper3\Version2ofPaper\StochasticSearch.lof
Underfull \hbox (badness 2512) in paragraph at lines 1--1
 \T1/cmr/m/n/10 Note: this ex-am-ple is only 
 []


Underfull \hbox (badness 6157) in paragraph at lines 3--3
 [][][] []\T1/cmr/m/n/10 Solid lines show the inter- 
 []


Underfull \hbox (badness 3118) in paragraph at lines 4--4
 \T1/cmr/m/n/10 di-rec-tion rose plot, (Bot-tom 
 []


Underfull \hbox (badness 1048) in paragraph at lines 5--5
 \T1/cmr/m/n/10 lo-ca-tion on sac-cades. These 
 []


Underfull \hbox (badness 1210) in paragraph at lines 5--5
 \T1/cmr/m/n/10 were cre-ated by di-vid-ing the 
 []


Underfull \hbox (badness 1596) in paragraph at lines 5--5
 \T1/cmr/m/n/10 sized sub-re-gions. Hor-i-zon-tal 
 []


Underfull \hbox (badness 2452) in paragraph at lines 5--5
 \T1/cmr/m/n/10 and ver-ti-cal axis of sym-me- 
 []


Underfull \vbox (badness 10000) has occurred while \output is active []


Underfull \hbox (badness 1616) in paragraph at lines 8--8
 \T1/cmr/m/n/10 wards the cen-tre of the im- 
 []


Underfull \hbox (badness 1383) in paragraph at lines 8--8
 \T1/cmr/m/n/10 end: (solid line) hu-man ob- 
 []


Underfull \hbox (badness 10000) in paragraph at lines 14--14
 [][][] []\T1/cmr/m/n/10 (left) How the max-i-mum 
 []


Underfull \hbox (badness 4328) in paragraph at lines 14--14
 \T1/cmr/m/n/10 main dif-fer-ence be-tween the 
 []


Underfull \hbox (badness 4217) in paragraph at lines 14--14
 \T1/cmr/m/n/10 model and hu-man ob-servers 
 []


Underfull \hbox (badness 10000) in paragraph at lines 14--14
 \T1/cmr/m/n/10 Af-ter these ini-tal fix-a-tions 
 []


Underfull \hbox (badness 1005) in paragraph at lines 14--14
 \T1/cmr/m/n/10 no more sys-tem-atic than the 
 []

)
\tf@lof=\write3
 [17

] (H:\private\Paper3\Version2ofPaper\StochasticSearch.aux) ) 
Here is how much of TeX's memory you used:
 2302 strings out of 495286
 29129 string characters out of 3180740
 83744 words of memory out of 3000000
 5439 multiletter control sequences out of 15000+200000
 16824 words of font info for 49 fonts, out of 3000000 for 9000
 14 hyphenation exceptions out of 8191
 27i,7n,29p,1723b,288s stack positions out of 5000i,500n,10000p,200000b,50000s

Output written on StochasticSearch.dvi (17 pages, 81840 bytes).
