This is pdfTeX, Version 3.1415926-2.5-1.40.14 (TeX Live 2013) (format=pdflatex 2014.4.4)  30 JUL 2014 11:12
entering extended mode
 restricted \write18 enabled.
 %&-line parsing enabled.
**StochasticSearch.tex -recorder
(./StochasticSearch.tex
LaTeX2e <2011/06/27>
Babel <3.9f> and hyphenation patterns for 78 languages loaded.
(/usr/local/texlive/2013/texmf-dist/tex/latex/elsarticle/elsarticle.cls
Document Class: elsarticle 2009/09/17, 1.2.0: Elsevier Ltd
\@bls=\dimen102
(/usr/local/texlive/2013/texmf-dist/tex/latex/base/article.cls
Document Class: article 2007/10/19 v1.4h Standard LaTeX document class
(/usr/local/texlive/2013/texmf-dist/tex/latex/base/size10.clo
File: size10.clo 2007/10/19 v1.4h Standard LaTeX file (size option)
)
\c@part=\count79
\c@section=\count80
\c@subsection=\count81
\c@subsubsection=\count82
\c@paragraph=\count83
\c@subparagraph=\count84
\c@figure=\count85
\c@table=\count86
\abovecaptionskip=\skip41
\belowcaptionskip=\skip42
\bibindent=\dimen103
)
(/usr/local/texlive/2013/texmf-dist/tex/latex/graphics/graphicx.sty
Package: graphicx 1999/02/16 v1.0f Enhanced LaTeX Graphics (DPC,SPQR)

(/usr/local/texlive/2013/texmf-dist/tex/latex/graphics/keyval.sty
Package: keyval 1999/03/16 v1.13 key=value parser (DPC)
\KV@toks@=\toks14
)
(/usr/local/texlive/2013/texmf-dist/tex/latex/graphics/graphics.sty
Package: graphics 2009/02/05 v1.0o Standard LaTeX Graphics (DPC,SPQR)

(/usr/local/texlive/2013/texmf-dist/tex/latex/graphics/trig.sty
Package: trig 1999/03/16 v1.09 sin cos tan (DPC)
)
(/usr/local/texlive/2013/texmf-dist/tex/latex/latexconfig/graphics.cfg
File: graphics.cfg 2010/04/23 v1.9 graphics configuration of TeX Live
)
Package graphics Info: Driver file: pdftex.def on input line 91.

(/usr/local/texlive/2013/texmf-dist/tex/latex/pdftex-def/pdftex.def
File: pdftex.def 2011/05/27 v0.06d Graphics/color for pdfTeX

(/usr/local/texlive/2013/texmf-dist/tex/generic/oberdiek/infwarerr.sty
Package: infwarerr 2010/04/08 v1.3 Providing info/warning/error messages (HO)
)
(/usr/local/texlive/2013/texmf-dist/tex/generic/oberdiek/ltxcmds.sty
Package: ltxcmds 2011/11/09 v1.22 LaTeX kernel commands for general use (HO)
)
\Gread@gobject=\count87
))
\Gin@req@height=\dimen104
\Gin@req@width=\dimen105
)
(/usr/local/texlive/2013/texmf-dist/tex/latex/psnfss/pifont.sty
Package: pifont 2005/04/12 PSNFSS-v9.2a Pi font support (SPQR) 
LaTeX Font Info:    Try loading font information for U+pzd on input line 63.

(/usr/local/texlive/2013/texmf-dist/tex/latex/psnfss/upzd.fd
File: upzd.fd 2001/06/04 font definitions for U/pzd.
)
LaTeX Font Info:    Try loading font information for U+psy on input line 64.

(/usr/local/texlive/2013/texmf-dist/tex/latex/psnfss/upsy.fd
File: upsy.fd 2001/06/04 font definitions for U/psy.
))
\c@tnote=\count88
\c@fnote=\count89
\c@cnote=\count90
\c@ead=\count91
\c@author=\count92
\@eadauthor=\toks15
\c@affn=\count93
\absbox=\box26
\keybox=\box27
\Columnwidth=\dimen106
\space@left=\dimen107
\els@boxa=\box28
\els@boxb=\box29
\leftMargin=\dimen108
\@enLab=\toks16
\@sep=\skip43
\@@sep=\skip44

(./StochasticSearch.spl)
(/usr/local/texlive/2013/texmf-dist/tex/latex/natbib/natbib.sty
Package: natbib 2010/09/13 8.31b (PWD, AO)
\bibhang=\skip45
\bibsep=\skip46
LaTeX Info: Redefining \cite on input line 694.
\c@NAT@ctr=\count94
)
\splwrite=\write3
\openout3 = `StochasticSearch.spl'.

)
(/usr/local/texlive/2013/texmf-dist/tex/latex/subfigure/subfigure.sty
Package: subfigure 2002/03/15 v2.1.5 subfigure package
\subfigtopskip=\skip47
\subfigcapskip=\skip48
\subfigcaptopadj=\dimen109
\subfigbottomskip=\skip49
\subfigcapmargin=\dimen110
\subfiglabelskip=\skip50
\c@subfigure=\count95
\c@lofdepth=\count96
\c@subtable=\count97
\c@lotdepth=\count98

****************************************
* Local config file subfigure.cfg used *
****************************************
(/usr/local/texlive/2013/texmf-dist/tex/latex/subfigure/subfigure.cfg)
\subfig@top=\skip51
\subfig@bottom=\skip52
)
(/usr/local/texlive/2013/texmf-dist/tex/latex/amsmath/amsmath.sty
Package: amsmath 2013/01/14 v2.14 AMS math features
\@mathmargin=\skip53

For additional information on amsmath, use the `?' option.
(/usr/local/texlive/2013/texmf-dist/tex/latex/amsmath/amstext.sty
Package: amstext 2000/06/29 v2.01

(/usr/local/texlive/2013/texmf-dist/tex/latex/amsmath/amsgen.sty
File: amsgen.sty 1999/11/30 v2.0
\@emptytoks=\toks17
\ex@=\dimen111
))
(/usr/local/texlive/2013/texmf-dist/tex/latex/amsmath/amsbsy.sty
Package: amsbsy 1999/11/29 v1.2d
\pmbraise@=\dimen112
)
(/usr/local/texlive/2013/texmf-dist/tex/latex/amsmath/amsopn.sty
Package: amsopn 1999/12/14 v2.01 operator names
)
\inf@bad=\count99
LaTeX Info: Redefining \frac on input line 210.
\uproot@=\count100
\leftroot@=\count101
LaTeX Info: Redefining \overline on input line 306.
\classnum@=\count102
\DOTSCASE@=\count103
LaTeX Info: Redefining \ldots on input line 378.
LaTeX Info: Redefining \dots on input line 381.
LaTeX Info: Redefining \cdots on input line 466.
\Mathstrutbox@=\box30
\strutbox@=\box31
\big@size=\dimen113
LaTeX Font Info:    Redeclaring font encoding OML on input line 566.
LaTeX Font Info:    Redeclaring font encoding OMS on input line 567.
\macc@depth=\count104
\c@MaxMatrixCols=\count105
\dotsspace@=\muskip10
\c@parentequation=\count106
\dspbrk@lvl=\count107
\tag@help=\toks18
\row@=\count108
\column@=\count109
\maxfields@=\count110
\andhelp@=\toks19
\eqnshift@=\dimen114
\alignsep@=\dimen115
\tagshift@=\dimen116
\tagwidth@=\dimen117
\totwidth@=\dimen118
\lineht@=\dimen119
\@envbody=\toks20
\multlinegap=\skip54
\multlinetaggap=\skip55
\mathdisplay@stack=\toks21
LaTeX Info: Redefining \[ on input line 2665.
LaTeX Info: Redefining \] on input line 2666.
)
(./StochasticSearch.aux)
\openout1 = `StochasticSearch.aux'.

LaTeX Font Info:    Checking defaults for OML/cmm/m/it on input line 18.
LaTeX Font Info:    ... okay on input line 18.
LaTeX Font Info:    Checking defaults for T1/cmr/m/n on input line 18.
LaTeX Font Info:    ... okay on input line 18.
LaTeX Font Info:    Checking defaults for OT1/cmr/m/n on input line 18.
LaTeX Font Info:    ... okay on input line 18.
LaTeX Font Info:    Checking defaults for OMS/cmsy/m/n on input line 18.
LaTeX Font Info:    ... okay on input line 18.
LaTeX Font Info:    Checking defaults for OMX/cmex/m/n on input line 18.
LaTeX Font Info:    ... okay on input line 18.
LaTeX Font Info:    Checking defaults for U/cmr/m/n on input line 18.
LaTeX Font Info:    ... okay on input line 18.

(/usr/local/texlive/2013/texmf-dist/tex/context/base/supp-pdf.mkii
[Loading MPS to PDF converter (version 2006.09.02).]
\scratchcounter=\count111
\scratchdimen=\dimen120
\scratchbox=\box32
\nofMPsegments=\count112
\nofMParguments=\count113
\everyMPshowfont=\toks22
\MPscratchCnt=\count114
\MPscratchDim=\dimen121
\MPnumerator=\count115
\makeMPintoPDFobject=\count116
\everyMPtoPDFconversion=\toks23
) (/usr/local/texlive/2013/texmf-dist/tex/generic/oberdiek/pdftexcmds.sty
Package: pdftexcmds 2011/11/29 v0.20 Utility functions of pdfTeX for LuaTeX (HO
)

(/usr/local/texlive/2013/texmf-dist/tex/generic/oberdiek/ifluatex.sty
Package: ifluatex 2010/03/01 v1.3 Provides the ifluatex switch (HO)
Package ifluatex Info: LuaTeX not detected.
)
(/usr/local/texlive/2013/texmf-dist/tex/generic/oberdiek/ifpdf.sty
Package: ifpdf 2011/01/30 v2.3 Provides the ifpdf switch (HO)
Package ifpdf Info: pdfTeX in PDF mode is detected.
)
Package pdftexcmds Info: LuaTeX not detected.
Package pdftexcmds Info: \pdf@primitive is available.
Package pdftexcmds Info: \pdf@ifprimitive is available.
Package pdftexcmds Info: \pdfdraftmode found.
)
(/usr/local/texlive/2013/texmf-dist/tex/latex/oberdiek/epstopdf-base.sty
Package: epstopdf-base 2010/02/09 v2.5 Base part for package epstopdf

(/usr/local/texlive/2013/texmf-dist/tex/latex/oberdiek/grfext.sty
Package: grfext 2010/08/19 v1.1 Manage graphics extensions (HO)

(/usr/local/texlive/2013/texmf-dist/tex/generic/oberdiek/kvdefinekeys.sty
Package: kvdefinekeys 2011/04/07 v1.3 Define keys (HO)
))
(/usr/local/texlive/2013/texmf-dist/tex/latex/oberdiek/kvoptions.sty
Package: kvoptions 2011/06/30 v3.11 Key value format for package options (HO)

(/usr/local/texlive/2013/texmf-dist/tex/generic/oberdiek/kvsetkeys.sty
Package: kvsetkeys 2012/04/25 v1.16 Key value parser (HO)

(/usr/local/texlive/2013/texmf-dist/tex/generic/oberdiek/etexcmds.sty
Package: etexcmds 2011/02/16 v1.5 Avoid name clashes with e-TeX commands (HO)
Package etexcmds Info: Could not find \expanded.
(etexcmds)             That can mean that you are not using pdfTeX 1.50 or
(etexcmds)             that some package has redefined \expanded.
(etexcmds)             In the latter case, load this package earlier.
)))
Package grfext Info: Graphics extension search list:
(grfext)             [.png,.pdf,.jpg,.mps,.jpeg,.jbig2,.jb2,.PNG,.PDF,.JPG,.JPE
G,.JBIG2,.JB2,.eps]
(grfext)             \AppendGraphicsExtensions on input line 452.

(/usr/local/texlive/2013/texmf-dist/tex/latex/latexconfig/epstopdf-sys.cfg
File: epstopdf-sys.cfg 2010/07/13 v1.3 Configuration of (r)epstopdf for TeX Liv
e
))
[1


{/usr/local/texlive/2013/texmf-var/fonts/map/pdftex/updmap/pdftex.map}]
[2] [3] [4] <fig/smoothEx.png, id=26, 256.96pt x 256.96pt>
File: fig/smoothEx.png Graphic file (type png)

<use fig/smoothEx.png>
Package pdftex.def Info: fig/smoothEx.png used on input line 74.
(pdftex.def)             Requested size: 170.71652pt x 170.7194pt.
 <fig/roughEx.png, id=27, 256.96pt x 256.96pt>
File: fig/roughEx.png Graphic file (type png)

<use fig/roughEx.png>
Package pdftex.def Info: fig/roughEx.png used on input line 75.
(pdftex.def)             Requested size: 170.71652pt x 170.7194pt.
 [5 <./fig/smoothEx.png (PNG copy)> <./fig/roughEx.png (PNG copy)>]
Missing character: There is no â in font cmr10!
Missing character: There is no € in font cmr10!
Missing character: There is no “ in font cmr10!
 <fig/numFixObs.pdf, id=35, 722.7pt x 361.35pt>
File: fig/numFixObs.pdf Graphic file (type pdf)

<use fig/numFixObs.pdf>
Package pdftex.def Info: fig/numFixObs.pdf used on input line 94.
(pdftex.def)             Requested size: 341.43306pt x 170.71672pt.
 <fig/saccAmp.pdf, id=36, 361.35pt x 361.35pt>
File: fig/saccAmp.pdf Graphic file (type pdf)

<use fig/saccAmp.pdf>
Package pdftex.def Info: fig/saccAmp.pdf used on input line 101.
(pdftex.def)             Requested size: 170.71652pt x 170.71672pt.
 <fig/roseplot.pdf, id=37, 361.35pt x 361.35pt>
File: fig/roseplot.pdf Graphic file (type pdf)

<use fig/roseplot.pdf>
Package pdftex.def Info: fig/roseplot.pdf used on input line 102.
(pdftex.def)             Requested size: 170.71652pt x 170.71672pt.
 [6 <./fig/numFixObs.pdf>] [7 <./fig/saccAmp.pdf> <./fig/roseplot.pdf>] <fig/ta
rgDetResults.pdf, id=61, 722.7pt x 361.35pt>
File: fig/targDetResults.pdf Graphic file (type pdf)

<use fig/targDetResults.pdf>
Package pdftex.def Info: fig/targDetResults.pdf used on input line 168.
(pdftex.def)             Requested size: 341.43306pt x 170.71672pt.
 [8]
<fig/saccDistExample.pdf, id=66, 465.74pt x 362.35374pt>
File: fig/saccDistExample.pdf Graphic file (type pdf)

<use fig/saccDistExample.pdf>
Package pdftex.def Info: fig/saccDistExample.pdf used on input line 198.
(pdftex.def)             Requested size: 284.52756pt x 221.37273pt.
 [9 <./fig/targDetResults.pdf>] [10 <./fig/saccDistExample.pdf>]
<fig/fixplanning/fixation1.pdf, id=87, 442.65375pt x 347.2975pt>
File: fig/fixplanning/fixation1.pdf Graphic file (type pdf)

<use fig/fixplanning/fixation1.pdf>
Package pdftex.def Info: fig/fixplanning/fixation1.pdf used on input line 245.
(pdftex.def)             Requested size: 85.35826pt x 66.96758pt.

<fig/fixplanning/fixation2.pdf, id=88, 443.6575pt x 347.2975pt>
File: fig/fixplanning/fixation2.pdf Graphic file (type pdf)

<use fig/fixplanning/fixation2.pdf>
Package pdftex.def Info: fig/fixplanning/fixation2.pdf used on input line 246.
(pdftex.def)             Requested size: 85.35826pt x 66.8139pt.

<fig/fixplanning/fixation5.pdf, id=89, 443.6575pt x 347.2975pt>
File: fig/fixplanning/fixation5.pdf Graphic file (type pdf)

<use fig/fixplanning/fixation5.pdf>
Package pdftex.def Info: fig/fixplanning/fixation5.pdf used on input line 247.
(pdftex.def)             Requested size: 85.35826pt x 66.8139pt.

<fig/fixplanning/fixation1-2.pdf, id=90, 442.65375pt x 347.2975pt>
File: fig/fixplanning/fixation1-2.pdf Graphic file (type pdf)

<use fig/fixplanning/fixation1-2.pdf>
Package pdftex.def Info: fig/fixplanning/fixation1-2.pdf used on input line 249
.
(pdftex.def)             Requested size: 85.35826pt x 66.96758pt.

<fig/fixplanning/fixation2-2.pdf, id=91, 443.6575pt x 347.2975pt>
File: fig/fixplanning/fixation2-2.pdf Graphic file (type pdf)

<use fig/fixplanning/fixation2-2.pdf>
Package pdftex.def Info: fig/fixplanning/fixation2-2.pdf used on input line 250
.
(pdftex.def)             Requested size: 85.35826pt x 66.8139pt.

<fig/fixplanning/fixation5-2.pdf, id=92, 443.6575pt x 347.2975pt>
File: fig/fixplanning/fixation5-2.pdf Graphic file (type pdf)

<use fig/fixplanning/fixation5-2.pdf>
Package pdftex.def Info: fig/fixplanning/fixation5-2.pdf used on input line 251
.
(pdftex.def)             Requested size: 85.35826pt x 66.8139pt.
 [11]
<fig/numFixHumanModel.pdf, id=99, 578.16pt x 433.62pt>
File: fig/numFixHumanModel.pdf Graphic file (type pdf)

<use fig/numFixHumanModel.pdf>
Package pdftex.def Info: fig/numFixHumanModel.pdf used on input line 264.
(pdftex.def)             Requested size: 284.52756pt x 213.39536pt.

<fig/exScanpaths.pdf, id=100, 722.7pt x 361.35pt>
File: fig/exScanpaths.pdf Graphic file (type pdf)
 <use fig/exScanpaths.pdf>
Package pdftex.def Info: fig/exScanpaths.pdf used on input line 273.
(pdftex.def)             Requested size: 284.52756pt x 142.26578pt.

<fig/onetwosaccamp.pdf, id=101, 722.7pt x 289.08pt>
File: fig/onetwosaccamp.pdf Graphic file (type pdf)

<use fig/onetwosaccamp.pdf>
Package pdftex.def Info: fig/onetwosaccamp.pdf used on input line 281.
(pdftex.def)             Requested size: 284.52756pt x 113.8126pt.
 <fig/saccAngles.pdf, id=102, 722.7pt x 289.08pt>
File: fig/saccAngles.pdf Graphic file (type pdf)

<use fig/saccAngles.pdf>
Package pdftex.def Info: fig/saccAngles.pdf used on input line 282.
(pdftex.def)             Requested size: 284.52756pt x 113.8126pt.
 [12 <./fig/fixplanning/fixation1.pdf> <./fig/fixplanning/fixation2.pdf> <./fig
/fixplanning/fixation5.pdf> <./fig/fixplanning/fixation1-2.pdf> <./fig/fixplann
ing/fixation2-2.pdf> <./fig/fixplanning/fixation5-2.pdf>] [13 <./fig/numFixHuma
nModel.pdf> <./fig/exScanpaths.pdf>] [14 <./fig/onetwosaccamp.pdf> <./fig/saccA
ngles.pdf>] [15] [16] (./StochasticSearch.bbl [17]
[18]) [19] (./StochasticSearch.aux) ) 
Here is how much of TeX's memory you used:
 3073 strings out of 493315
 41959 string characters out of 6137905
 109366 words of memory out of 5000000
 6463 multiletter control sequences out of 15000+600000
 9677 words of font info for 36 fonts, out of 8000000 for 9000
 957 hyphenation exceptions out of 8191
 38i,9n,34p,1912b,299s stack positions out of 5000i,500n,10000p,200000b,80000s
</usr/local/texlive/2013/texmf-dist/fonts/
type1/public/amsfonts/cm/cmbx10.pfb></usr/local/texlive/2013/texmf-dist/fonts/t
ype1/public/amsfonts/cm/cmex10.pfb></usr/local/texlive/2013/texmf-dist/fonts/ty
pe1/public/amsfonts/cm/cmmi10.pfb></usr/local/texlive/2013/texmf-dist/fonts/typ
e1/public/amsfonts/cm/cmmi5.pfb></usr/local/texlive/2013/texmf-dist/fonts/type1
/public/amsfonts/cm/cmmi6.pfb></usr/local/texlive/2013/texmf-dist/fonts/type1/p
ublic/amsfonts/cm/cmmi7.pfb></usr/local/texlive/2013/texmf-dist/fonts/type1/pub
lic/amsfonts/cm/cmmi8.pfb></usr/local/texlive/2013/texmf-dist/fonts/type1/publi
c/amsfonts/cm/cmr10.pfb></usr/local/texlive/2013/texmf-dist/fonts/type1/public/
amsfonts/cm/cmr12.pfb></usr/local/texlive/2013/texmf-dist/fonts/type1/public/am
sfonts/cm/cmr5.pfb></usr/local/texlive/2013/texmf-dist/fonts/type1/public/amsfo
nts/cm/cmr6.pfb></usr/local/texlive/2013/texmf-dist/fonts/type1/public/amsfonts
/cm/cmr7.pfb></usr/local/texlive/2013/texmf-dist/fonts/type1/public/amsfonts/cm
/cmr8.pfb></usr/local/texlive/2013/texmf-dist/fonts/type1/public/amsfonts/cm/cm
sy10.pfb></usr/local/texlive/2013/texmf-dist/fonts/type1/public/amsfonts/cm/cms
y5.pfb></usr/local/texlive/2013/texmf-dist/fonts/type1/public/amsfonts/cm/cmsy7
.pfb></usr/local/texlive/2013/texmf-dist/fonts/type1/public/amsfonts/cm/cmsy8.p
fb></usr/local/texlive/2013/texmf-dist/fonts/type1/public/amsfonts/cm/cmti10.pf
b></usr/local/texlive/2013/texmf-dist/fonts/type1/public/amsfonts/cm/cmti7.pfb>
</usr/local/texlive/2013/texmf-dist/fonts/type1/public/amsfonts/cm/cmti8.pfb></
usr/local/texlive/2013/texmf-dist/fonts/type1/public/amsfonts/cm/cmtt10.pfb></u
sr/local/texlive/2013/texmf-dist/fonts/type1/public/amsfonts/cm/cmtt8.pfb></usr
/local/texlive/2013/texmf-dist/fonts/type1/public/amsfonts/cm/cmu10.pfb>
Output written on StochasticSearch.pdf (19 pages, 1344014 bytes).
PDF statistics:
 249 PDF objects out of 1000 (max. 8388607)
 176 compressed objects within 2 object streams
 0 named destinations out of 1000 (max. 500000)
 86 words of extra memory for PDF output out of 10000 (max. 10000000)

